[    0.000000] Linux version 4.15.0-65-generic (buildd@lgw01-amd64-006) (gcc version 7.4.0 (Ubuntu 7.4.0-1ubuntu1~18.04.1)) #74-Ubuntu SMP Tue Sep 17 17:06:04 UTC 2019 (Ubuntu 4.15.0-65.74-generic 4.15.18)
[    0.000000] Command line: BOOT_IMAGE=/boot/vmlinuz-4.15.0-65-generic root=LABEL=cloudimg-rootfs ro console=tty1 console=ttyS0
[    0.000000] KERNEL supported cpus:
[    0.000000]   Intel GenuineIntel
[    0.000000]   AMD AuthenticAMD
[    0.000000]   Centaur CentaurHauls
[    0.000000] x86/fpu: Supporting XSAVE feature 0x001: 'x87 floating point registers'
[    0.000000] x86/fpu: Supporting XSAVE feature 0x002: 'SSE registers'
[    0.000000] x86/fpu: Supporting XSAVE feature 0x004: 'AVX registers'
[    0.000000] x86/fpu: xstate_offset[2]:  576, xstate_sizes[2]:  256
[    0.000000] x86/fpu: Enabled xstate features 0x7, context size is 832 bytes, using 'standard' format.
[    0.000000] e820: BIOS-provided physical RAM map:
[    0.000000] BIOS-e820: [mem 0x0000000000000000-0x000000000009fbff] usable
[    0.000000] BIOS-e820: [mem 0x000000000009fc00-0x000000000009ffff] reserved
[    0.000000] BIOS-e820: [mem 0x00000000000f0000-0x00000000000fffff] reserved
[    0.000000] BIOS-e820: [mem 0x0000000000100000-0x000000007ffeffff] usable
[    0.000000] BIOS-e820: [mem 0x000000007fff0000-0x000000007fffffff] ACPI data
[    0.000000] BIOS-e820: [mem 0x00000000fec00000-0x00000000fec00fff] reserved
[    0.000000] BIOS-e820: [mem 0x00000000fee00000-0x00000000fee00fff] reserved
[    0.000000] BIOS-e820: [mem 0x00000000fffc0000-0x00000000ffffffff] reserved
[    0.000000] NX (Execute Disable) protection: active
[    0.000000] SMBIOS 2.5 present.
[    0.000000] DMI: innotek GmbH VirtualBox/VirtualBox, BIOS VirtualBox 12/01/2006
[    0.000000] Hypervisor detected: KVM
[    0.000000] e820: last_pfn = 0x7fff0 max_arch_pfn = 0x400000000
[    0.000000] MTRR: Disabled
[    0.000000] x86/PAT: MTRRs disabled, skipping PAT initialization too.
[    0.000000] CPU MTRRs all blank - virtualized system.
[    0.000000] x86/PAT: Configuration [0-7]: WB  WT  UC- UC  WB  WT  UC- UC  
[    0.000000] found SMP MP-table at [mem 0x0009fff0-0x0009ffff]
[    0.000000] Scanning 1 areas for low memory corruption
[    0.000000] RAMDISK: [mem 0x35a8b000-0x36d3cfff]
[    0.000000] ACPI: Early table checksum verification disabled
[    0.000000] ACPI: RSDP 0x00000000000E0000 000024 (v02 VBOX  )
[    0.000000] ACPI: XSDT 0x000000007FFF0030 00003C (v01 VBOX   VBOXXSDT 00000001 ASL  00000061)
[    0.000000] ACPI: FACP 0x000000007FFF00F0 0000F4 (v04 VBOX   VBOXFACP 00000001 ASL  00000061)
[    0.000000] ACPI: DSDT 0x000000007FFF0470 0022EA (v02 VBOX   VBOXBIOS 00000002 INTL 20100528)
[    0.000000] ACPI: FACS 0x000000007FFF0200 000040
[    0.000000] ACPI: FACS 0x000000007FFF0200 000040
[    0.000000] ACPI: APIC 0x000000007FFF0240 00005C (v02 VBOX   VBOXAPIC 00000001 ASL  00000061)
[    0.000000] ACPI: SSDT 0x000000007FFF02A0 0001CC (v01 VBOX   VBOXCPUT 00000002 INTL 20100528)
[    0.000000] No NUMA configuration found
[    0.000000] Faking a node at [mem 0x0000000000000000-0x000000007ffeffff]
[    0.000000] NODE_DATA(0) allocated [mem 0x7ffc5000-0x7ffeffff]
[    0.000000] kvm-clock: cpu 0, msr 0:7ff44001, primary cpu clock
[    0.000000] kvm-clock: Using msrs 4b564d01 and 4b564d00
[    0.000000] kvm-clock: using sched offset of 3551648563 cycles
[    0.000000] clocksource: kvm-clock: mask: 0xffffffffffffffff max_cycles: 0x1cd42e4dffb, max_idle_ns: 881590591483 ns
[    0.000000] Zone ranges:
[    0.000000]   DMA      [mem 0x0000000000001000-0x0000000000ffffff]
[    0.000000]   DMA32    [mem 0x0000000001000000-0x000000007ffeffff]
[    0.000000]   Normal   empty
[    0.000000]   Device   empty
[    0.000000] Movable zone start for each node
[    0.000000] Early memory node ranges
[    0.000000]   node   0: [mem 0x0000000000001000-0x000000000009efff]
[    0.000000]   node   0: [mem 0x0000000000100000-0x000000007ffeffff]
[    0.000000] Reserved but unavailable: 98 pages
[    0.000000] Initmem setup node 0 [mem 0x0000000000001000-0x000000007ffeffff]
[    0.000000] ACPI: PM-Timer IO Port: 0x4008
[    0.000000] IOAPIC[0]: apic_id 2, version 32, address 0xfec00000, GSI 0-23
[    0.000000] ACPI: INT_SRC_OVR (bus 0 bus_irq 0 global_irq 2 dfl dfl)
[    0.000000] ACPI: INT_SRC_OVR (bus 0 bus_irq 9 global_irq 9 low level)
[    0.000000] Using ACPI (MADT) for SMP configuration information
[    0.000000] smpboot: Allowing 2 CPUs, 0 hotplug CPUs
[    0.000000] PM: Registered nosave memory: [mem 0x00000000-0x00000fff]
[    0.000000] PM: Registered nosave memory: [mem 0x0009f000-0x0009ffff]
[    0.000000] PM: Registered nosave memory: [mem 0x000a0000-0x000effff]
[    0.000000] PM: Registered nosave memory: [mem 0x000f0000-0x000fffff]
[    0.000000] e820: [mem 0x80000000-0xfebfffff] available for PCI devices
[    0.000000] Booting paravirtualized kernel on KVM
[    0.000000] clocksource: refined-jiffies: mask: 0xffffffff max_cycles: 0xffffffff, max_idle_ns: 7645519600211568 ns
[    0.000000] random: get_random_bytes called from start_kernel+0x99/0x4fd with crng_init=0
[    0.000000] setup_percpu: NR_CPUS:8192 nr_cpumask_bits:2 nr_cpu_ids:2 nr_node_ids:1
[    0.000000] percpu: Embedded 46 pages/cpu s151552 r8192 d28672 u1048576
[    0.000000] PV qspinlock hash table entries: 256 (order: 0, 4096 bytes)
[    0.000000] Built 1 zonelists, mobility grouping on.  Total pages: 515961
[    0.000000] Policy zone: DMA32
[    0.000000] Kernel command line: BOOT_IMAGE=/boot/vmlinuz-4.15.0-65-generic root=LABEL=cloudimg-rootfs ro console=tty1 console=ttyS0
[    0.000000] Memory: 2015628K/2096696K available (12300K kernel code, 2481K rwdata, 4256K rodata, 2436K init, 2388K bss, 81068K reserved, 0K cma-reserved)
[    0.000000] SLUB: HWalign=64, Order=0-3, MinObjects=0, CPUs=2, Nodes=1
[    0.000000] Kernel/User page tables isolation: enabled
[    0.000000] ftrace: allocating 39301 entries in 154 pages
[    0.004000] Hierarchical RCU implementation.
[    0.004000] 	RCU restricting CPUs from NR_CPUS=8192 to nr_cpu_ids=2.
[    0.004000] 	Tasks RCU enabled.
[    0.004000] RCU: Adjusting geometry for rcu_fanout_leaf=16, nr_cpu_ids=2
[    0.004000] NR_IRQS: 524544, nr_irqs: 440, preallocated irqs: 16
[    0.004000] Console: colour VGA+ 80x25
[    0.004000] console [tty1] enabled
[    0.004000] console [ttyS0] enabled
[    0.004000] ACPI: Core revision 20170831
[    0.004000] ACPI: 2 ACPI AML tables successfully acquired and loaded
[    0.004000] APIC: Switch to symmetric I/O mode setup
[    0.004000] x2apic enabled
[    0.004000] Switched APIC routing to physical x2apic.
[    0.004000] ..TIMER: vector=0x30 apic1=0 pin1=2 apic2=-1 pin2=-1
[    0.004000] tsc: Detected 1800.001 MHz processor
[    0.004006] Calibrating delay loop (skipped) preset value.. 3600.00 BogoMIPS (lpj=7200004)
[    0.005109] pid_max: default: 32768 minimum: 301
[    0.005876] Security Framework initialized
[    0.006588] Yama: becoming mindful.
[    0.008098] AppArmor: AppArmor initialized
[    0.010455] Dentry cache hash table entries: 262144 (order: 9, 2097152 bytes)
[    0.012000] Inode-cache hash table entries: 131072 (order: 8, 1048576 bytes)
[    0.012014] Mount-cache hash table entries: 4096 (order: 3, 32768 bytes)
[    0.012891] Mountpoint-cache hash table entries: 4096 (order: 3, 32768 bytes)
[    0.014062] Last level iTLB entries: 4KB 64, 2MB 8, 4MB 8
[    0.016001] Last level dTLB entries: 4KB 64, 2MB 0, 4MB 0, 1GB 4
[    0.016801] Spectre V1 : Mitigation: usercopy/swapgs barriers and __user pointer sanitization
[    0.017933] Spectre V2 : Mitigation: Full generic retpoline
[    0.018674] Spectre V2 : Spectre v2 / SpectreRSB mitigation: Filling RSB on context switch
[    0.020001] Speculative Store Bypass: Vulnerable
[    0.020710] MDS: Vulnerable: Clear CPU buffers attempted, no microcode
[    0.021700] Freeing SMP alternatives memory: 36K
[    0.132241] smpboot: CPU0: Intel(R) Core(TM) i5-8250U CPU @ 1.60GHz (family: 0x6, model: 0x8e, stepping: 0xa)
[    0.133916] Performance Events: unsupported p6 CPU model 142 no PMU driver, software events only.
[    0.135441] Hierarchical SRCU implementation.
[    0.136521] NMI watchdog: Perf event create on CPU 0 failed with -2
[    0.137505] NMI watchdog: Perf NMI watchdog permanently disabled
[    0.138482] smp: Bringing up secondary CPUs ...
[    0.139297] x86: Booting SMP configuration:
[    0.140002] .... node  #0, CPUs:      #1
[    0.004000] kvm-clock: cpu 1, msr 0:7ff44041, secondary cpu clock
[    0.144017] smp: Brought up 1 node, 2 CPUs
[    0.144711] smpboot: Max logical packages: 1
[    0.145429] smpboot: Total of 2 processors activated (7200.00 BogoMIPS)
[    0.146678] devtmpfs: initialized
[    0.146678] x86/mm: Memory block size: 128MB
[    0.148171] evm: security.selinux
[    0.148800] evm: security.SMACK64
[    0.149368] evm: security.SMACK64EXEC
[    0.149986] evm: security.SMACK64TRANSMUTE
[    0.150665] evm: security.SMACK64MMAP
[    0.151278] evm: security.apparmor
[    0.152002] evm: security.ima
[    0.152536] evm: security.capability
[    0.153167] clocksource: jiffies: mask: 0xffffffff max_cycles: 0xffffffff, max_idle_ns: 7645041785100000 ns
[    0.153804] futex hash table entries: 512 (order: 3, 32768 bytes)
[    0.156057] pinctrl core: initialized pinctrl subsystem
[    0.156991] RTC time:  5:38:15, date: 10/08/19
[    0.157887] NET: Registered protocol family 16
[    0.158685] audit: initializing netlink subsys (disabled)
[    0.160020] audit: type=2000 audit(1570513100.420:1): state=initialized audit_enabled=0 res=1
[    0.161377] cpuidle: using governor ladder
[    0.161377] cpuidle: using governor menu
[    0.161412] ACPI: bus type PCI registered
[    0.162092] acpiphp: ACPI Hot Plug PCI Controller Driver version: 0.5
[    0.164080] PCI: Using configuration type 1 for base access
[    0.168033] HugeTLB registered 2.00 MiB page size, pre-allocated 0 pages
[    0.169205] ACPI: Added _OSI(Module Device)
[    0.169205] ACPI: Added _OSI(Processor Device)
[    0.169544] ACPI: Added _OSI(3.0 _SCP Extensions)
[    0.172003] ACPI: Added _OSI(Processor Aggregator Device)
[    0.172894] ACPI: Added _OSI(Linux-Dell-Video)
[    0.173633] ACPI: Added _OSI(Linux-Lenovo-NV-HDMI-Audio)
[    0.174509] ACPI: Added _OSI(Linux-HPI-Hybrid-Graphics)
[    0.176080] ACPI: Executed 1 blocks of module-level executable AML code
[    0.180000] ACPI: Interpreter enabled
[    0.180011] ACPI: (supports S0 S5)
[    0.180620] ACPI: Using IOAPIC for interrupt routing
[    0.181638] PCI: Using host bridge windows from ACPI; if necessary, use "pci=nocrs" and report a bug
[    0.183224] ACPI: Enabled 2 GPEs in block 00 to 07
[    0.188910] ACPI: PCI Root Bridge [PCI0] (domain 0000 [bus 00-ff])
[    0.189916] acpi PNP0A03:00: _OSC: OS supports [ASPM ClockPM Segments MSI]
[    0.191398] acpi PNP0A03:00: _OSC: not requesting OS control; OS requires [ExtendedConfig ASPM ClockPM MSI]
[    0.192009] acpi PNP0A03:00: fail to add MMCONFIG information, can't access extended PCI configuration space under this bridge.
[    0.194139] PCI host bridge to bus 0000:00
[    0.196003] pci_bus 0000:00: root bus resource [io  0x0000-0x0cf7 window]
[    0.197089] pci_bus 0000:00: root bus resource [io  0x0d00-0xffff window]
[    0.198170] pci_bus 0000:00: root bus resource [mem 0x000a0000-0x000bffff window]
[    0.199481] pci_bus 0000:00: root bus resource [mem 0x80000000-0xfdffffff window]
[    0.200002] pci_bus 0000:00: root bus resource [bus 00-ff]
[    0.202495] pci 0000:00:01.1: legacy IDE quirk: reg 0x10: [io  0x01f0-0x01f7]
[    0.204002] pci 0000:00:01.1: legacy IDE quirk: reg 0x14: [io  0x03f6]
[    0.205045] pci 0000:00:01.1: legacy IDE quirk: reg 0x18: [io  0x0170-0x0177]
[    0.206176] pci 0000:00:01.1: legacy IDE quirk: reg 0x1c: [io  0x0376]
[    0.230153] pci 0000:00:07.0: quirk: [io  0x4000-0x403f] claimed by PIIX4 ACPI
[    0.231356] pci 0000:00:07.0: quirk: [io  0x4100-0x410f] claimed by PIIX4 SMB
[    0.238762] ACPI: PCI Interrupt Link [LNKA] (IRQs 5 9 10 *11)
[    0.240256] ACPI: PCI Interrupt Link [LNKB] (IRQs 5 9 *10 11)
[    0.241399] ACPI: PCI Interrupt Link [LNKC] (IRQs 5 *9 10 11)
[    0.242481] ACPI: PCI Interrupt Link [LNKD] (IRQs 5 9 10 *11)
[    0.244111] SCSI subsystem initialized
[    0.244800] pci 0000:00:02.0: vgaarb: setting as boot VGA device
[    0.244980] pci 0000:00:02.0: vgaarb: VGA device added: decodes=io+mem,owns=io+mem,locks=none
[    0.246345] pci 0000:00:02.0: vgaarb: bridge control possible
[    0.248007] vgaarb: loaded
[    0.248524] ACPI: bus type USB registered
[    0.249325] usbcore: registered new interface driver usbfs
[    0.250238] usbcore: registered new interface driver hub
[    0.251122] usbcore: registered new device driver usb
[    0.252039] EDAC MC: Ver: 3.0.0
[    0.252760] PCI: Using ACPI for IRQ routing
[    0.252949] NetLabel: Initializing
[    0.253547] NetLabel:  domain hash size = 128
[    0.254278] NetLabel:  protocols = UNLABELED CIPSOv4 CALIPSO
[    0.256015] NetLabel:  unlabeled traffic allowed by default
[    0.256934] clocksource: Switched to clocksource kvm-clock
[    0.267078] VFS: Disk quotas dquot_6.6.0
[    0.267959] VFS: Dquot-cache hash table entries: 512 (order 0, 4096 bytes)
[    0.269292] AppArmor: AppArmor Filesystem Enabled
[    0.270109] pnp: PnP ACPI init
[    0.271521] pnp: PnP ACPI: found 3 devices
[    0.281088] clocksource: acpi_pm: mask: 0xffffff max_cycles: 0xffffff, max_idle_ns: 2085701024 ns
[    0.282548] NET: Registered protocol family 2
[    0.283480] TCP established hash table entries: 16384 (order: 5, 131072 bytes)
[    0.284881] TCP bind hash table entries: 16384 (order: 6, 262144 bytes)
[    0.286005] TCP: Hash tables configured (established 16384 bind 16384)
[    0.289601] UDP hash table entries: 1024 (order: 3, 32768 bytes)
[    0.290561] UDP-Lite hash table entries: 1024 (order: 3, 32768 bytes)
[    0.291586] NET: Registered protocol family 1
[    0.292330] pci 0000:00:00.0: Limiting direct PCI/PCI transfers
[    0.293257] pci 0000:00:01.0: Activating ISA DMA hang workarounds
[    0.294229] pci 0000:00:02.0: Video device with shadowed ROM at [mem 0x000c0000-0x000dffff]
[    0.295581] Unpacking initramfs...
[    0.532417] Freeing initrd memory: 19144K
[    0.533259] clocksource: tsc: mask: 0xffffffffffffffff max_cycles: 0x19f22aa45f0, max_idle_ns: 440795269146 ns
[    0.534995] platform rtc_cmos: registered platform RTC device (no PNP device found)
[    0.536246] Scanning for low memory corruption every 60 seconds
[    0.537678] Initialise system trusted keyrings
[    0.538443] Key type blacklist registered
[    0.539235] workingset: timestamp_bits=36 max_order=19 bucket_order=0
[    0.541155] zbud: loaded
[    0.542095] squashfs: version 4.0 (2009/01/31) Phillip Lougher
[    0.543247] fuse init (API version 7.26)
[    0.546173] Key type asymmetric registered
[    0.546857] Asymmetric key parser 'x509' registered
[    0.547659] Block layer SCSI generic (bsg) driver version 0.4 loaded (major 246)
[    0.549058] io scheduler noop registered
[    0.549767] io scheduler deadline registered
[    0.550491] io scheduler cfq registered (default)
[    0.551571] ACPI: AC Adapter [AC] (on-line)
[    0.552399] input: Power Button as /devices/LNXSYSTM:00/LNXPWRBN:00/input/input0
[    0.553657] ACPI: Power Button [PWRF]
[    0.554329] input: Sleep Button as /devices/LNXSYSTM:00/LNXSLPBN:00/input/input1
[    0.555501] ACPI: Sleep Button [SLPF]
[    0.556965] ACPI: Battery Slot [BAT0] (battery present)
[    0.557965] Serial: 8250/16550 driver, 32 ports, IRQ sharing enabled
[    0.579552] 00:02: ttyS0 at I/O 0x3f8 (irq = 4, base_baud = 115200) is a 16550A
[    0.583544] Linux agpgart interface v0.103
[    0.585465] loop: module loaded
[    0.586433] scsi host0: ata_piix
[    0.587117] scsi host1: ata_piix
[    0.587762] ata1: PATA max UDMA/33 cmd 0x1f0 ctl 0x3f6 bmdma 0xd000 irq 14
[    0.588978] ata2: PATA max UDMA/33 cmd 0x170 ctl 0x376 bmdma 0xd008 irq 15
[    0.590182] libphy: Fixed MDIO Bus: probed
[    0.590870] tun: Universal TUN/TAP device driver, 1.6
[    0.591778] PPP generic driver version 2.4.2
[    0.592619] ehci_hcd: USB 2.0 'Enhanced' Host Controller (EHCI) Driver
[    0.593670] ehci-pci: EHCI PCI platform driver
[    0.594400] ehci-platform: EHCI generic platform driver
[    0.595232] ohci_hcd: USB 1.1 'Open' Host Controller (OHCI) Driver
[    0.596216] ohci-pci: OHCI PCI platform driver
[    0.596957] ohci-platform: OHCI generic platform driver
[    0.597803] uhci_hcd: USB Universal Host Controller Interface driver
[    0.598949] i8042: PNP: PS/2 Controller [PNP0303:PS2K,PNP0f03:PS2M] at 0x60,0x64 irq 1,12
[    0.600207] serio: i8042 KBD port at 0x60,0x64 irq 1
[    0.601670] serio: i8042 AUX port at 0x60,0x64 irq 12
[    0.602514] mousedev: PS/2 mouse device common for all mice
[    0.603796] input: AT Translated Set 2 keyboard as /devices/platform/i8042/serio0/input/input2
[    0.605110] rtc_cmos rtc_cmos: rtc core: registered rtc_cmos as rtc0
[    0.606036] rtc_cmos rtc_cmos: alarms up to one day, 114 bytes nvram
[    0.606915] i2c /dev entries driver
[    0.607465] device-mapper: uevent: version 1.0.3
[    0.608180] device-mapper: ioctl: 4.37.0-ioctl (2017-09-20) initialised: dm-devel@redhat.com
[    0.609505] ledtrig-cpu: registered to indicate activity on CPUs
[    0.610943] NET: Registered protocol family 10
[    0.615111] Segment Routing with IPv6
[    0.615913] NET: Registered protocol family 17
[    0.616800] Key type dns_resolver registered
[    0.617679] mce: Using 0 MCE banks
[    0.618302] RAS: Correctable Errors collector initialized.
[    0.619234] sched_clock: Marking stable (617614880, 0)->(756872226, -139257346)
[    0.620937] registered taskstats version 1
[    0.621665] Loading compiled-in X.509 certificates
[    0.624386] Loaded X.509 cert 'Build time autogenerated kernel key: 3a65b6a3c8b5d6b297d77c25be9161529933bc49'
[    0.626361] zswap: loaded using pool lzo/zbud
[    0.629813] Key type big_key registered
[    0.630408] Key type trusted registered
[    0.632291] Key type encrypted registered
[    0.632984] AppArmor: AppArmor sha1 policy hashing enabled
[    0.633861] ima: No TPM chip found, activating TPM-bypass! (rc=-19)
[    0.634871] ima: Allocated hash algorithm: sha1
[    0.635663] evm: HMAC attrs: 0x1
[    0.636465]   Magic number: 7:733:617
[    0.637242] rtc_cmos rtc_cmos: setting system clock to 2019-10-08 05:38:16 UTC (1570513096)
[    0.638785] BIOS EDD facility v0.16 2004-Jun-25, 0 devices found
[    0.639948] EDD information not available.
[    0.756379] Freeing unused kernel image memory: 2436K
[    0.765190] Write protecting the kernel read-only data: 20480k
[    0.770591] Freeing unused kernel image memory: 2008K
[    0.774777] Freeing unused kernel image memory: 1888K
[    0.787355] x86/mm: Checked W+X mappings: passed, no W+X pages found.
[    0.789035] x86/mm: Checking user space page tables
[    0.796442] x86/mm: Checked W+X mappings: passed, no W+X pages found.
Loading, please wait...
starting version 237
[    0.847410] e1000: Intel(R) PRO/1000 Network Driver - version 7.3.21-k8-NAPI
[    0.848653] e1000: Copyright (c) 1999-2006 Intel Corporation.
[    0.851221] Fusion MPT base driver 3.04.20
[    0.851960] Copyright (c) 1999-2008 LSI Corporation
[    0.857953] Fusion MPT SPI Host driver 3.04.20
[    0.865768] AVX2 version of gcm_enc/dec engaged.
[    0.866587] AES CTR mode by8 optimization enabled
[    1.053320] input: ImExPS/2 Generic Explorer Mouse as /devices/platform/i8042/serio1/input/input4
[    1.231989] e1000 0000:00:03.0 eth0: (PCI:33MHz:32-bit) 02:82:7a:7b:51:94
[    1.234415] e1000 0000:00:03.0 eth0: Intel(R) PRO/1000 Network Connection
[    1.237500] mptbase: ioc0: Initiating bringup
[    1.239602] e1000 0000:00:03.0 enp0s3: renamed from eth0
[    1.337487] ioc0: LSI53C1030 A0: Capabilities={Initiator}
[    1.589296] scsi host2: ioc0: LSI53C1030 A0, FwRev=00000000h, Ports=1, MaxQ=256, IRQ=20
[    1.761523] scsi 2:0:0:0: Direct-Access     VBOX     HARDDISK         1.0  PQ: 0 ANSI: 5
[    2.225912] scsi target2:0:0: Beginning Domain Validation
[    2.233151] scsi target2:0:0: Domain Validation skipping write tests
[    2.234262] scsi target2:0:0: Ending Domain Validation
[    2.235306] scsi target2:0:0: asynchronous
[    2.237031] scsi 2:0:1:0: Direct-Access     VBOX     HARDDISK         1.0  PQ: 0 ANSI: 5
[    2.522741] scsi target2:0:1: Beginning Domain Validation
[    2.529588] random: fast init done
[    2.530411] scsi target2:0:1: Domain Validation skipping write tests
[    2.531468] scsi target2:0:1: Ending Domain Validation
[    2.532438] scsi target2:0:1: asynchronous
[    2.537019] sd 2:0:0:0: Attached scsi generic sg0 type 0
[    2.537037] random: systemd-udevd: uninitialized urandom read (16 bytes read)
[    2.538051] sd 2:0:1:0: Attached scsi generic sg1 type 0
[    2.539132] random: systemd-udevd: uninitialized urandom read (16 bytes read)
[    2.541244] random: systemd-udevd: uninitialized urandom read (16 bytes read)
[    2.542361] sd 2:0:0:0: [sda] 20971520 512-byte logical blocks: (10.7 GB/10.0 GiB)
[    2.543776] sd 2:0:1:0: [sdb] 20480 512-byte logical blocks: (10.5 MB/10.0 MiB)
[    2.545069] sd 2:0:0:0: [sda] Write Protect is off
[    2.545888] sd 2:0:1:0: [sdb] Write Protect is off
[    2.546870] sd 2:0:0:0: [sda] Incomplete mode parameter data
[    2.547765] sd 2:0:0:0: [sda] Assuming drive cache: write through
[    2.549013] sd 2:0:1:0: [sdb] Incomplete mode parameter data
[    2.549895] sd 2:0:1:0: [sdb] Assuming drive cache: write through
[    2.553763]  sda: sda1
[    2.555190] sd 2:0:0:0: [sda] Attached SCSI disk
[    2.556570] sd 2:0:1:0: [sdb] Attached SCSI disk
Begin: Loading essential drivers ... [    3.964065] raid6: sse2x1   gen() 11770 MB/s
[    4.012305] raid6: sse2x1   xor()  8498 MB/s
[    4.060133] raid6: sse2x2   gen() 14192 MB/s
[    4.108455] raid6: sse2x2   xor()  9554 MB/s
[    4.156759] raid6: sse2x4   gen() 15854 MB/s
[    4.204209] raid6: sse2x4   xor()  9819 MB/s
[    4.252529] raid6: avx2x1   gen() 23117 MB/s
[    4.300348] raid6: avx2x1   xor() 16090 MB/s
[    4.348169] raid6: avx2x2   gen() 28053 MB/s
[    4.396474] raid6: avx2x2   xor() 17913 MB/s
[    4.444301] raid6: avx2x4   gen() 32287 MB/s
[    4.492126] raid6: avx2x4   xor() 19967 MB/s
[    4.492878] raid6: using algorithm avx2x4 gen() 32287 MB/s
[    4.493754] raid6: .... xor() 19967 MB/s, rmw enabled
[    4.494590] raid6: using avx2x2 recovery algorithm
[    4.496479] xor: automatically using best checksumming function   avx       
[    4.498641] async_tx: api initialized (async)
done.
Begin: Running /scripts/init-premount ... done.
Begin: Mounting root file system ... Begin: Running /scripts/local-top ... done.
Begin: Running /scripts/local-premount ... [    4.535662] Btrfs loaded, crc32c=crc32c-intel
Scanning for Btrfs filesystems
done.
Warning: fsck not present, so skipping root file system
[    4.571542] EXT4-fs (sda1): mounted filesystem with ordered data mode. Opts: (null)
done.
Begin: Running /scripts/local-bottom ... done.
Begin: Running /scripts/init-bottom ... done.
[    4.756371] ip_tables: (C) 2000-2006 Netfilter Core Team
[    4.764479] systemd[1]: systemd 237 running in system mode. (+PAM +AUDIT +SELINUX +IMA +APPARMOR +SMACK +SYSVINIT +UTMP +LIBCRYPTSETUP +GCRYPT +GNUTLS +ACL +XZ +LZ4 +SECCOMP +BLKID +ELFUTILS +KMOD -IDN2 +IDN -PCRE2 default-hierarchy=hybrid)
[    4.767764] systemd[1]: Detected virtualization oracle.
[    4.768733] systemd[1]: Detected architecture x86-64.

Welcome to [1mUbuntu 18.04.3 LTS[0m!

[    4.786139] systemd[1]: Set hostname to <ubuntu>.
[    4.791161] systemd[1]: Initializing machine ID from random generator.
[    4.792291] systemd[1]: Installed transient /etc/machine-id file.
[    5.127626] systemd[1]: Reached target Swap.
[[0;32m  OK  [0m] Reached target Swap.
[    5.140224] systemd[1]: Reached target System Time Synchronized.
[[0;32m  OK  [0m] Reached target System Time Synchronized.
[    5.152520] systemd[1]: Reached target User and Group Name Lookups.
[[0;32m  OK  [0m] Reached target User and Group Name Lookups.
[    5.155112] systemd[1]: Started Forward Password Requests to Wall Directory Watch.
[[0;32m  OK  [0m] Started Forward Password Requests to Wall Directory Watch.
[[0;32m  OK  [0m] Created slice System Slice.
[[0;32m  OK  [0m] Listening on LVM2 metadata daemon socket.
[[0;32m  OK  [0m] Listening on /dev/initctl Compatibility Named Pipe.
[[0;32m  OK  [0m] Listening on Network Service Netlink Socket.
[[0;32m  OK  [0m] Listening on Syslog Socket.
[[0;32m  OK  [0m] Created slice system-serial\x2dgetty.slice.
[[0;32m  OK  [0m] Listening on Journal Socket.
         Mounting Huge Pages File System...
         Starting Set the console keyboard layout...
         Starting Uncomplicated firewall...
         Starting Create list of required st…ce nodes for the current kernel...
[[0;32m  OK  [0m] Listening on Device-mapper event daemon FIFOs.
         Starting Remount Root and Kernel File Systems...
         Mounting POSIX Message Queue File System...
         Starting Monitoring of LVM2 mirrors…ng dmeventd or progress polling...
[[0;32m  OK  [0m] Set up automount Arbitrary Executab…rmats File System Automount Point.
[[0;32m  OK  [0m] Listening on udev Control Socket.
[    5.243505] EXT4-fs (sda1): re-mounted. Opts: (null)
         Starting Load Kernel Modules...
[[0;32m  OK  [0m] Created slice User and Session Slice.
[    5.281222] Loading iSCSI transport class v2.0-870.
[[0;32m  OK  [0m] Reached target Slices.
[    5.287694] iscsi: registered transport (tcp)
[[0;32m  OK  [0m] Listening on udev Kernel Socket.
[    5.305883] iscsi: registered transport (iser)
         Starting udev Coldplug all Devices...
[[0;32m  OK  [0m] Listening on Journal Audit Socket.
[[0;32m  OK  [0m] Listening on Journal Socket (/dev/log).
         Starting Journal Service...
         Mounting Kernel Debug File System...
[[0;32m  OK  [0m] Listening on LVM2 poll daemon socket.
[[0;32m  OK  [0m] Started Journal Service.
[[0;32m  OK  [0m] Mounted Huge Pages File System.
[[0;32m  OK  [0m] Started Set the console keyboard layout.
[[0;32m  OK  [0m] Started Uncomplicated firewall.
[[0;32m  OK  [0m] Started Create list of required sta…vice nodes for the current kernel.
[[0;32m  OK  [0m] Started Remount Root and Kernel File Systems.
[[0;32m  OK  [0m] Mounted POSIX Message Queue File System.
[[0;32m  OK  [0m] Started Load Kernel Modules.
[[0;32m  OK  [0m] Mounted Kernel Debug File System.
[[0;32m  OK  [0m] Started LVM2 metadata daemon.
         Mounting FUSE Control File System...
         Mounting Kernel Configuration File System...
         Starting Apply Kernel Variables...
         Starting Load/Save Random Seed...
         Starting Create Static Device Nodes in /dev...
         Starting Flush Journal to Persistent Storage...
[[0;32m  OK  [0m] Started Monitoring of LVM2 mirrors,…sing dmeventd or progress polling.
[[0;32m  OK  [0m] Started udev Coldplug all Devices.
[[0;32m  OK  [0m] Mounted FUSE Control File System.
[[0;32m  OK  [0m] Mounted Kernel Configuration File System.
[[0;32m  OK  [0m] Started Apply Kernel Variables.
[[0;32m  OK  [0m] Started Load/Save Random Seed.
[[0;32m  OK  [0m] Started Create Static Device Nodes in /dev.
         Starting udev Kernel Device Manager...
[[0;32m  OK  [0m] Reached target Local File Systems (Pre).
[[0;32m  OK  [0m] Reached target Local File Systems.
         Starting ebtables ruleset management...
         Starting Set console font and keymap...
         Starting Commit a transient machine-id on disk...
         Starting Tell Plymouth To Write Out Runtime Data...
         Starting AppArmor initialization...
[[0;32m  OK  [0m] Started udev Kernel Device Manager.
[[0;32m  OK  [0m] Started Set console font and keymap.
[[0;32m  OK  [0m] Started Dispatch Password Requests to Console Directory Watch.
[[0;32m  OK  [0m] Reached target Local Encrypted Volumes.
[[0;32m  OK  [0m] Started Tell Plymouth To Write Out Runtime Data.
[[0;32m  OK  [0m] Started Flush Journal to Persistent Storage.
         Starting Create Volatile Files and Directories...
[[0;32m  OK  [0m] Started Commit a transient machine-id on disk.
[[0;32m  OK  [0m] Started Create Volatile Files and Directories.
         Starting Update UTMP about System Boot/Shutdown...
[[0;32m  OK  [0m] Started Update UTMP about System Boot/Shutdown.
[[0;32m  OK  [0m] Started ebtables ruleset management.
[[0;32m  OK  [0m] Found device /dev/ttyS0.
[[0;32m  OK  [0m] Listening on Load/Save RF Kill Switch Status /dev/rfkill Watch.
[[0;32m  OK  [0m] Started AppArmor initialization.
         Starting Initial cloud-init job (pre-networking)...
[    7.509284] cloud-init[547]: Cloud-init v. 19.2-36-g059d049c-0ubuntu1~18.04.1 running 'init-local' at Tue, 08 Oct 2019 05:38:23 +0000. Up 7.18 seconds.
[[0;32m  OK  [0m] Started Initial cloud-init job (pre-networking).
[[0;32m  OK  [0m] Reached target Network (Pre).
         Starting Network Service...
[[0;32m  OK  [0m] Started Network Service.
         Starting Wait for Network to be Configured...
         Starting Network Name Resolution...
[[0;32m  OK  [0m] Started Network Name Resolution.
[[0;32m  OK  [0m] Reached target Host and Network Name Lookups.
[[0;32m  OK  [0m] Reached target Network.
[[0;32m  OK  [0m] Started Wait for Network to be Configured.
         Starting Initial cloud-init job (metadata service crawler)...
[    9.485183] cloud-init[663]: Cloud-init v. 19.2-36-g059d049c-0ubuntu1~18.04.1 running 'init' at Tue, 08 Oct 2019 05:38:25 +0000. Up 9.37 seconds.
[    9.496590] cloud-init[663]: ci-info: ++++++++++++++++++++++++++++++++++++++Net device info++++++++++++++++++++++++++++++++++++++
[    9.497691] cloud-init[663]: ci-info: +--------+------+----------------------------+---------------+--------+-------------------+
[    9.498792] cloud-init[663]: ci-info: | Device |  Up  |          Address           |      Mask     | Scope  |     Hw-Address    |
[    9.508947] cloud-init[663]: ci-info: +--------+------+----------------------------+---------------+--------+-------------------+
[    9.510097] cloud-init[663]: ci-info: | enp0s3 | True |         10.0.2.15          | 255.255.255.0 | global | 02:82:7a:7b:51:94 |
[    9.511016] cloud-init[663]: ci-info: | enp0s3 | True | fe80::82:7aff:fe7b:5194/64 |       .       |  link  | 02:82:7a:7b:51:94 |
[    9.512163] cloud-init[663]: ci-info: |   lo   | True |         127.0.0.1          |   255.0.0.0   |  host  |         .         |
[    9.524239] cloud-init[663]: ci-info: |   lo   | True |          ::1/128           |       .       |  host  |         .         |
[    9.536233] cloud-init[663]: ci-info: +--------+------+----------------------------+---------------+--------+-------------------+
[    9.536965] cloud-init[663]: ci-info: ++++++++++++++++++++++++++++Route IPv4 info+++++++++++++++++++++++++++++
[    9.537699] cloud-init[663]: ci-info: +-------+-------------+----------+-----------------+-----------+-------+
[    9.538537] cloud-init[663]: ci-info: | Route | Destination | Gateway  |     Genmask     | Interface | Flags |
[    9.539376] cloud-init[663]: ci-info: +-------+-------------+----------+-----------------+-----------+-------+
[    9.540362] cloud-init[663]: ci-info: |   0   |   0.0.0.0   | 10.0.2.2 |     0.0.0.0     |   enp0s3  |   UG  |
[    9.541337] cloud-init[663]: ci-info: |   1   |   10.0.2.0  | 0.0.0.0  |  255.255.255.0  |   enp0s3  |   U   |
[    9.542310] cloud-init[663]: ci-info: |   2   |   10.0.2.2  | 0.0.0.0  | 255.255.255.255 |   enp0s3  |   UH  |
[    9.543277] cloud-init[663]: ci-info: +-------+-------------+----------+-----------------+-----------+-------+
[    9.544265] cloud-init[663]: ci-info: +++++++++++++++++++Route IPv6 info+++++++++++++++++++
[    9.545093] cloud-init[663]: ci-info: +-------+-------------+---------+-----------+-------+
[    9.545930] cloud-init[663]: ci-info: | Route | Destination | Gateway | Interface | Flags |
[    9.546779] cloud-init[663]: ci-info: +-------+-------------+---------+-----------+-------+
[    9.547609] cloud-init[663]: ci-info: |   1   |  fe80::/64  |    ::   |   enp0s3  |   U   |
[    9.548492] cloud-init[663]: ci-info: |   3   |    local    |    ::   |   enp0s3  |   U   |
[    9.549272] cloud-init[663]: ci-info: |   4   |   ff00::/8  |    ::   |   enp0s3  |   U   |
[    9.550102] cloud-init[663]: ci-info: +-------+-------------+---------+-----------+-------+
[   10.217093] cloud-init[663]: Generating public/private rsa key pair.
[   10.228358] cloud-init[663]: Your identification has been saved in /etc/ssh/ssh_host_rsa_key.
[   10.241028] cloud-init[663]: Your public key has been saved in /etc/ssh/ssh_host_rsa_key.pub.
[   10.252735] cloud-init[663]: The key fingerprint is:
[[0;32m  OK  [0m] Started Initial cloud-init job (metadata service crawler).
[   10.264229] cloud-init[663]: SHA256:3Let+p4RkHVu3KZ4tZYPy55xauS8AqNUCkAO07kKSkI root@ubuntu-bionic
[[0;32m  OK  [0m] Reached target Network is Online.
[   10.277004] cloud-init[663]: The key's randomart image is:
[   10.289300]          cloud-initStarting Availability of block devices...[663]: 
+---[RSA 2048]----+
[   10.290237] [cloud-init[0;32m  OK  [0m[663]: |  oo..      . .  |] 
Reached target Remote File Systems (Pre).
[   10.291151] [[0;32m  OK  [0m] Reached target Remote File Systems.
[[0;32m  OK  [0m] Reached target System Initialization.
[[0;32m  OK  [0m] Started Daily apt download activities.
cloud-init[663]: | E ++      o + . |[[0;32m  OK  [0m] Started ACPI Events Check.
[[0;32m  OK  [0m] Started Daily Cleanup of Temporary Directories.
[[0;32m  OK  [0m] Listening on D-Bus System Message Bus Socket.
[[0;32m  OK  [0m] Reached target Paths.
[[0;32m  OK  [0m] Started Daily apt upgrade and clean activities.
[[0;32m  OK  [0m] Listening on ACPID Listen Socket.
[[0;32m  OK  [0m] Listening on UUID daemon activation socket.
         Starting Socket activation for snappy daemon.
[[0;32m  OK  [0m] Started Message of the Day.
[[0;32m  OK  [0m] Started Discard unused blocks once a week.
[[0;32m  OK  [0m] Listening on Open-iSCSI iscsid Socket.

[   10.299279] cloud-init[663]: |.   .o    o   + +|
[   10.299915] cloud-init         Starting LXD - unix socket.
[[0;32m  OK  [0m] Reached target Timers.
[[0;32m  OK  [0m] Reached target Cloud-config availability.
[663]: [[0;32m  OK  [0m] Started Availability of block devices.
[[0;32m  OK  [0m] Listening on Socket activation for snappy daemon.
[[0;32m  OK  [0m] Listening on LXD - unix socket.
[[0;32m  OK  [0m] Reached target Sockets.
[[0;32m  OK  [0m] Reached target Basic System.
|o.  . .. ... o +o|
[   10.305260] cloud-init[663]:          Starting Pollinate to seed the pseudo random number generator...
|+. .   .So. + ++ |[[0;32m  OK  [0m] Started irqbalance daemon.
         Starting Login Service...
         Starting Accounts Service...
         Starting Permit User Sessions...
         Starting Dispatcher daemon for systemd-networkd...
[[0;32m  OK  [0m] Started FUSE filesystem for LXC.
         Starting LSB: automatic crash report generation...
         Starting Snappy daemon...
         Starting Virtualbox guest utils...
         Starting System Logging Service...
[[0;32m  OK  [0m] Started Regular background program processing daemon.
[[0;32m  OK  [0m] Started D-Bus System Message Bus.

[   10.332431] cloud-init[663]: |. .     o o. *oo.|
[   10.344312] cloud-init[663]: |       . . oo+= o|
[   10.356677] cloud-init[663]: |        .   .=+= |
[   10.368216] cloud-init[663]: |          .+=o=. |
[   10.380257] cloud-init[663]: +----[SHA256]-----+
[   10.396420] cloud-init[663]: Generating public/private dsa key pair.
[   10.408579] cloud-init[663]: Your identification has been saved in /etc/ssh/ssh_host_dsa_key.
[   10.411066] cloud-init[663]: Your public key has been saved in /etc/ssh/ssh_host_dsa_key.pub.
[   10.424871] cloud-init[663]: The key fingerprint is:
[   10.425969] cloud-init[663]: SHA256:pJWjhLMK6mbwQbk5v8wAig5cRyyIicjQGe7thgOlBEs root@ubuntu-bionic
[   10.436371] cloud-init[663]: The key's randomart image is:
[   10.448461] cloud-init[663]: +---[DSA 1024]----+
[   10.460779] cloud-init[663]: |oE.o             |
[   10.461474] cloud-init[663]: |O++ ..   .       |
[   10.462268] cloud-init[663]: |*+oooo. =        |
[   10.472358] cloud-init[663]: |.+o.o+ = .       |
[   10.472861] cloud-init[663]: |=..+o.o S        |
[   10.484580] cloud-init[663]: |*+*+.            |
[   10.496226] cloud-init[663]: |*o=+o            |
[   10.496880] cloud-init[663]: |+o.*.            |
[   10.497201] cloud-init[663]: |oo  +.           |
[   10.508465] cloud-init[663]: +----[SHA256]-----+
[   10.520243] cloud-init[663]: Generating public/private ecdsa key pair.
[   10.532397] cloud-init[663]: Your identification has been saved in /etc/ssh/ssh_host_ecdsa_key.
[   10.544385] cloud-init[663]: Your public key has been saved in /etc/ssh/ssh_host_ecdsa_key.pub.
[[0;32m  OK  [0m] Started Login Service.
[   10.560919] cloud-init[663]: The key fingerprint is:
[[0;32m  OK  [0m] Started Unattended Upgrades Shutdown.
[   10.592841] cloud-init[663]: SHA256:IUojtIp7hfOdHAVb2XQdri1GDFirOiVG9qmApqiXk88 root@ubuntu-bionic
[   10.605194] cloud-init[663]: The key's randomart image is:
[   10.605638] cloud-init[663]: +---[ECDSA 256]---+
         Starting LSB: Record successful boot for GRUB...
[   10.606717] cloud-init[663]: |  .   . .*+ .... |         Starting LXD - container startup/shutdown...
[[0;32m  OK  [0m] Started Deferred execution scheduler.

[[0;32m  OK  [0m] Started System Logging Service.
[[0;32m  OK  [0m] Started Permit User Sessions.
[   10.610654] cloud-init[663]: | . .   +o .= ..  |
[   10.611302] cloud-init[663]: |  o o = o . o .  |
[   10.612146] cloud-init[663]: |.. = = + + . o   |
[   10.612949] cloud-init[663]: |o = + + S   + .  |
[   10.613569] cloud-init[663]: |.+ + = B   . .   |
[   10.614197] cloud-init[663]: |+ .o. B          |
[   10.614838] cloud-init[663]: |..=.   .         |
[   10.617212] cloud-init[663]: |.. oE            |
[   10.618268] cloud-init[663]: +----[SHA256]-----+
[   10.618946] cloud-init[663]: Generating public/private ed25519 key pair.
[   10.619817] cloud-init[663]: Your identification has been saved in /etc/ssh/ssh_host_ed25519_key.
[   10.620961] cloud-init[663]: Your public key has been saved in /etc/ssh/ssh_host_ed25519_key.pub.
[   10.621986] cloud-init[663]: The key fingerprint is:
[   10.625455] cloud-init[663]: SHA256:3AsEYGQ3pe2me6cNMeXLY96vLG/nRQky65vgbwSsxME root@ubuntu-bionic
[   10.636327] cloud-init[663]: The key's randomart image is:
[   10.636736] cloud-init[663]: +--[ED25519 256]--+
[   10.648696] cloud-init[663]: |   .=.=..        |
[   10.649127] cloud-init[663]: |   o . E         |
[   10.660392] cloud-init[663]: |      o = .o .   |
[   10.673243] cloud-init[663]: |       * *  + . .|
[   10.684271] cloud-init[663]: |      . S +.   ..|
[   10.685099] cloud-init[663]: |       + =.+   . |
[   10.696262] cloud-init[663]: |      . ..B.    .|
[   10.696649] cloud-init[663]: |       .o=+=+ .. |
[   10.697420] cloud-init[663]: |      ...+=B==o  |
[   10.697748] cloud-init[663]: +----[SHA256]-----+
         Starting Authorization Manager...
         Starting Terminate Plymouth Boot Screen...
         Starting Hold until boot process finishes up...
[[0;32m  OK  [0m] Started Terminate Plymouth Boot Screen.
[[0;32m  OK  [0m] Started Hold until boot process finishes up.
[[0;32m  OK  [0m] Started Serial Getty on ttyS0.
         Starting Set console scheme...
[[0;32m  OK  [0m] Started Set console scheme.
[[0;32m  OK  [0m] Started LSB: automatic crash report generation.
[[0;32m  OK  [0m] Created slice system-getty.slice.
[[0;32m  OK  [0m] Started Getty on tty1.
[[0;32m  OK  [0m] Reached target Login Prompts.
[[0;32m  OK  [0m] Started LSB: Record successful boot for GRUB.
[[0;32m  OK  [0m] Started Authorization Manager.
[[0;32m  OK  [0m] Started Accounts Service.
[[0;32m  OK  [0m] Started Dispatcher daemon for systemd-networkd.
[[0;32m  OK  [0m] Started LXD - container startup/shutdown.
[[0;32m  OK  [0m] Started Virtualbox guest utils.
[[0;32m  OK  [0m] Started Snappy daemon.
         Starting Wait until snapd is fully seeded...
[[0;32m  OK  [0m] Started Pollinate to seed the pseudo random number generator.
         Starting OpenBSD Secure Shell server...
[[0;32m  OK  [0m] Started OpenBSD Secure Shell server.
[[0;32m  OK  [0m] Created slice User Slice of vagrant.
         Starting User Manager for UID 1000...
[[0;32m  OK  [0m] Started Session 1 of user vagrant.
[[0;32m  OK  [0m] Started User Manager for UID 1000.
[[0;32m  OK  [0m] Started Wait until snapd is fully seeded.
         Starting Apply the settings specified in cloud-config...
[[0;32m  OK  [0m] Reached target Multi-User System.
[[0;32m  OK  [0m] Reached target Graphical Interface.
         Starting Update UTMP about System Runlevel Changes...
[[0;32m  OK  [0m] Started Update UTMP about System Runlevel Changes.
[   13.715540] cloud-init[1287]: Cloud-init v. 19.2-36-g059d049c-0ubuntu1~18.04.1 running 'modules:config' at Tue, 08 Oct 2019 05:38:29 +0000. Up 13.19 seconds.
[[0;32m  OK  [0m] Started Apply the settings specified in cloud-config.
         Starting Execute cloud user/final scripts...
ci-info: no authorized ssh keys fingerprints found for user ubuntu.
<14>Oct  8 05:38:30 ec2: 
<14>Oct  8 05:38:30 ec2: #############################################################
<14>Oct  8 05:38:30 ec2: -----BEGIN SSH HOST KEY FINGERPRINTS-----
<14>Oct  8 05:38:30 ec2: 1024 SHA256:pJWjhLMK6mbwQbk5v8wAig5cRyyIicjQGe7thgOlBEs root@ubuntu-bionic (DSA)
<14>Oct  8 05:38:30 ec2: 256 SHA256:IUojtIp7hfOdHAVb2XQdri1GDFirOiVG9qmApqiXk88 root@ubuntu-bionic (ECDSA)
<14>Oct  8 05:38:30 ec2: 256 SHA256:3AsEYGQ3pe2me6cNMeXLY96vLG/nRQky65vgbwSsxME root@ubuntu-bionic (ED25519)
<14>Oct  8 05:38:30 ec2: 2048 SHA256:3Let+p4RkHVu3KZ4tZYPy55xauS8AqNUCkAO07kKSkI root@ubuntu-bionic (RSA)
<14>Oct  8 05:38:30 ec2: -----END SSH HOST KEY FINGERPRINTS-----
<14>Oct  8 05:38:30 ec2: #############################################################
-----BEGIN SSH HOST KEY KEYS-----
ecdsa-sha2-nistp256 AAAAE2VjZHNhLXNoYTItbmlzdHAyNTYAAAAIbmlzdHAyNTYAAABBBL8kJDeXbtm876JwVQknvIdE9CJvYQmZ+wmUFcvZzOfzofhWyrsoqjrxrQgEDGDTetzFdnBAqhVGvWNcnjh1Fu8= root@ubuntu-bionic
ssh-ed25519 AAAAC3NzaC1lZDI1NTE5AAAAIHnGOOV9C07Ery4h9/LoGhkNKzu5uYuGcGLqECaoXaUh root@ubuntu-bionic
ssh-rsa AAAAB3NzaC1yc2EAAAADAQABAAABAQDAp8xdkSgBbaUhm7O+Va0OkaaAyM4col7idlmEHDpCdEFjGHuZySquLeMACbA+9HWKWfQMLBD1nXNMWP4cuIvF6bA7rD6siELaGssNkeiejvuMRnyXx1UqUndctbB3vdQ5xdOGMYfJJGhZaDoVRZCg7BHdcNf646Ky63NtIeojm9sDgK1f2S5xtQw3jLhkUqbiN/0+xR5VIFB5i16joQNL69U1qhq+OmmbZjSwK2butHUTmSZMNdDV/iBaMDLifnTaNB7nJb71ZKncx58XuFR9MFwirn6l9tjbkgt92wBN3UGUcvGrpYy+Hs32HHhxRyllL2pHXm02C1DbWITntwjD root@ubuntu-bionic
-----END SSH HOST KEY KEYS-----
[   14.281875] cloud-init[1430]: Cloud-init v. 19.2-36-g059d049c-0ubuntu1~18.04.1 running 'modules:final' at Tue, 08 Oct 2019 05:38:29 +0000. Up 14.13 seconds.
[   14.282811] cloud-init[1430]: ci-info: no authorized ssh keys fingerprints found for user ubuntu.
[   14.283459] cloud-init[1430]: Cloud-init v. 19.2-36-g059d049c-0ubuntu1~18.04.1 finished at Tue, 08 Oct 2019 05:38:30 +0000. Datasource DataSourceNoCloud [seed=/dev/sdb][dsmode=net].  Up 14.27 seconds
[[0;32m  OK  [0m] Started Execute cloud user/final scripts.
[[0;32m  OK  [0m] Reached target Cloud-init target.

Ubuntu 18.04.3 LTS ubuntu-bionic ttyS0

ubuntu-bionic login: 